
[26 April 2016, 13:29:17]		: Message sent...	[MSDNAA FSM] | [20160426-132917.html]
[26 April 2016, 13:51:40]		: Message sent...	[MSDNAA FSM] | [20160426-135140.html]
[26 April 2016, 14:11:59]		: Message sent...	[MSDNAA FSM] | [20160426-141159.html]
[26 April 2016, 14:12:58]		: Message sent...	[MSDNAA FSM] | [20160426-141258.html]
[26 April 2016, 14:22:15]		: Message sent...	[MSDNAA FSM] | [20160426-142215.html]
[26 April 2016, 14:30:52]		: Message sent...	[MSDNAA FSM] | [20160426-143052.html]
[26 April 2016, 14:31:49]		: Message sent...	[MSDNAA FSM] | [20160426-143149.html]
[26 April 2016, 14:45:12]		: Message sent...	[MSDNAA FSM] | [20160426-144512.html]
[26 April 2016, 14:46:17]		: Message sent...	[MSDNAA FSM] | [20160426-144617.html]
[26 April 2016, 14:48:15]		: Message sent...	[MSDNAA FSM] | [20160426-144815.html]
[26 April 2016, 16:40:18]		: Message sent...	[NMS FSM UNDIP] | [20160426-164018.html]
[26 April 2016, 17:38:13]		: Message sent...	[NMS FSM UNDIP] | [20160426-173813.html]
[27 April 2016, 08:24:53]		: Message sent...	[NMS FSM UNDIP] | [20160427-082453.html]
[3 May 2016, 14:06:17]		: Message sent...	[NMS FSM UNDIP] | [20160503-140617.html]
[3 May 2016, 14:28:40]		: Message sent...	[NMS FSM UNDIP] | [20160503-142840.html]
[3 May 2016, 14:39:04]		: Message sent...	[NMS FSM UNDIP] | [20160503-143904.html]
[3 May 2016, 14:59:57]		: Message sent...	[NMS FSM UNDIP] | [20160503-145957.html]
[3 May 2016, 15:01:58]		: Message sent...	[NMS FSM UNDIP] | [20160503-150158.html]
[3 May 2016, 15:09:29]		: Message sent...	[NMS FSM UNDIP] | [20160503-150929.html]
[3 May 2016, 15:55:55]		: Message sent...	[NMS FSM UNDIP] | [20160503-155555.html]
[3 May 2016, 16:04:09]		: Message sent...	[NMS FSM UNDIP] | [20160503-160409.html]
[3 May 2016, 16:08:48]		: Message sent...	[NMS FSM UNDIP] | [20160503-160848.html]
[3 May 2016, 16:09:49]		: Message sent...	[NMS FSM UNDIP] | [20160503-160949.html]
[9 May 2016, 08:02:27]		: Message sent...	[NMS FSM UNDIP] | [20160509-080227.html]
[9 May 2016, 08:14:20]		: Message sent...	[NMS FSM UNDIP] | [20160509-081420.html]
[9 May 2016, 08:24:10]		: Message sent...	[NMS FSM UNDIP] | [20160509-082410.html]
[9 May 2016, 08:27:39]		: Message sent...	[NMS FSM UNDIP] | [20160509-082739.html]
[9 May 2016, 08:30:49]		: Message sent...	[NMS FSM UNDIP] | [20160509-083049.html]
[9 May 2016, 08:33:20]		: Message sent...	[NMS FSM UNDIP] | [20160509-083320.html]
[9 May 2016, 08:51:30]		: Message sent...	[NMS FSM UNDIP] | [20160509-085130.html]
[9 May 2016, 08:51:50]		: Message sent...	[NMS FSM UNDIP] | [20160509-085150.html]
[9 May 2016, 08:55:14]		: Message sent...	[NMS FSM UNDIP] | [20160509-085514.html]
[9 May 2016, 08:55:15]		: Message sent...	[NMS FSM UNDIP] | [20160509-085515.html]
[20 June 2016, 09:06:21]		: Message sent...	[NMS FSM UNDIP] | [20160620-090621.html]
[20 June 2016, 09:14:47]		: Message sent...	[NMS FSM UNDIP] | [20160620-091447.html]
[20 June 2016, 09:22:28]		: Message sent...	[NMS FSM UNDIP] | [20160620-092228.html]